<?xml version="1.0" encoding="UTF-8"?>
<!-- Generated by org.testng.reporters.JUnitXMLReporter -->
<testsuite ignored="0" hostname="DAKSHIT-HP" failures="0" tests="1" name="End To End FrameWork Test" time="27.431" errors="0" timestamp="2025-08-26T07:38:24 IST">
  <testcase classname="TestUtils.AndroidBaseTest" name="@BeforeClass configureAppium" time="27.106">
    <failure type="org.openqa.selenium.SessionNotCreatedException" message="Could not start a new session. Response code 500. Message: An unknown server-side error occurred while processing the command. Original error: Could not find a connected Android device in 20000ms 
Host info: host: &amp;apos;DAKSHIT-HP&amp;apos;, ip: &amp;apos;10.184.126.237&amp;apos;
Build info: version: &amp;apos;4.35.0&amp;apos;, revision: &amp;apos;1c58e5028b&amp;apos;
System info: os.name: &amp;apos;Windows 11&amp;apos;, os.arch: &amp;apos;amd64&amp;apos;, os.version: &amp;apos;10.0&amp;apos;, java.version: &amp;apos;23.0.1&amp;apos;
Driver info: io.appium.java_client.android.AndroidDriver
Command: [null, newSession {capabilities=[Capabilities {appium:app: C:\Users\ANNU\eclipse-fresh..., appium:automationName: UIAutomator2, appium:chromedriverExecutable: C:\Users\ANNU\Downloads\dri..., appium:deviceName: emulator-5554, appium:noReset: false, platformName: ANDROID}]}]
Capabilities {appium:app: C:\Users\ANNU\eclipse-fresh..., appium:automationName: UIAutomator2, appium:chromedriverExecutable: C:\Users\ANNU\Downloads\dri..., appium:deviceName: emulator-5554, appium:noReset: false, platformName: ANDROID}">
      <![CDATA[org.openqa.selenium.SessionNotCreatedException: Could not start a new session. Response code 500. Message: An unknown server-side error occurred while processing the command. Original error: Could not find a connected Android device in 20000ms 
Host info: host: 'DAKSHIT-HP', ip: '10.184.126.237'
Build info: version: '4.35.0', revision: '1c58e5028b'
System info: os.name: 'Windows 11', os.arch: 'amd64', os.version: '10.0', java.version: '23.0.1'
Driver info: io.appium.java_client.android.AndroidDriver
Command: [null, newSession {capabilities=[Capabilities {appium:app: C:\Users\ANNU\eclipse-fresh..., appium:automationName: UIAutomator2, appium:chromedriverExecutable: C:\Users\ANNU\Downloads\dri..., appium:deviceName: emulator-5554, appium:noReset: false, platformName: ANDROID}]}]
Capabilities {appium:app: C:\Users\ANNU\eclipse-fresh..., appium:automationName: UIAutomator2, appium:chromedriverExecutable: C:\Users\ANNU\Downloads\dri..., appium:deviceName: emulator-5554, appium:noReset: false, platformName: ANDROID}
at org.openqa.selenium.remote.ProtocolHandshake.createSession(ProtocolHandshake.java:114)
at org.openqa.selenium.remote.ProtocolHandshake.createSession(ProtocolHandshake.java:75)
at org.openqa.selenium.remote.ProtocolHandshake.createSession(ProtocolHandshake.java:61)
at io.appium.java_client.remote.AppiumCommandExecutor.createSession(AppiumCommandExecutor.java:178)
at io.appium.java_client.remote.AppiumCommandExecutor.execute(AppiumCommandExecutor.java:243)
at org.openqa.selenium.remote.RemoteWebDriver.execute(RemoteWebDriver.java:557)
at io.appium.java_client.AppiumDriver.startSession(AppiumDriver.java:308)
at org.openqa.selenium.remote.RemoteWebDriver.<init>(RemoteWebDriver.java:174)
at io.appium.java_client.AppiumDriver.<init>(AppiumDriver.java:98)
at io.appium.java_client.AppiumDriver.<init>(AppiumDriver.java:109)
at io.appium.java_client.android.AndroidDriver.<init>(AndroidDriver.java:108)
at TestUtils.AndroidBaseTest.configureAppium(AndroidBaseTest.java:63)
at java.base/java.util.ArrayList.forEach(ArrayList.java:1597)
... Removed 27 stack frames]]>
    </failure>
  </testcase> <!-- @BeforeClass configureAppium -->
  <testcase classname="TestUtils.AndroidBaseTest" name="@BeforeMethod preSetUp" time="0.016">
    <failure type="java.lang.NullPointerException" message="The provided search context cannot be null">
      <![CDATA[java.lang.NullPointerException: The provided search context cannot be null
at com.google.common.base.Preconditions.checkNotNull(Preconditions.java:920)
at io.appium.java_client.pagefactory.AppiumFieldDecorator.requireWebDriverReference(AppiumFieldDecorator.java:129)
at io.appium.java_client.pagefactory.AppiumFieldDecorator.<init>(AppiumFieldDecorator.java:86)
at io.appium.java_client.pagefactory.AppiumFieldDecorator.<init>(AppiumFieldDecorator.java:100)
at annu.PageObjects.android.FormPage.<init>(FormPage.java:27)
at TestUtils.AndroidBaseTest.preSetUp(AndroidBaseTest.java:85)
at java.base/java.util.ArrayList.forEach(ArrayList.java:1597)
... Removed 33 stack frames]]>
    </failure>
  </testcase> <!-- @BeforeMethod preSetUp -->
  <testcase classname="Store.eCommerce_Android" name="eCommerce_AndroidTest" time="0.0">
    <skipped/>
  </testcase> <!-- eCommerce_AndroidTest -->
</testsuite> <!-- End To End FrameWork Test -->
