<?xml version="1.0" encoding="UTF-8"?>
<testsuite xmlns:xsi="http://www.w3.org/2001/XMLSchema-instance" xsi:noNamespaceSchemaLocation="https://maven.apache.org/surefire/maven-surefire-plugin/xsd/surefire-test-report.xsd" version="3.0.2" name="TestSuite" time="28.953" tests="3" errors="0" skipped="1" failures="2">
  <properties>
[...]
</properties>
  <testcase name="configureAppium" classname="Store.eCommerce_Android" time="28.052">
    <failure message="Could not start a new session. Response code 500. Message: An unknown server-side error occurred while processing the command. Original error: Could not find a connected Android device in 20000ms &#10;Host info: host: &apos;DAKSHIT-HP&apos;, ip: &apos;10.184.126.237&apos;&#10;Build info: version: &apos;4.35.0&apos;, revision: &apos;1c58e5028b&apos;&#10;System info: os.name: &apos;Windows 11&apos;, os.arch: &apos;amd64&apos;, os.version: &apos;10.0&apos;, java.version: &apos;23.0.1&apos;&#10;Driver info: io.appium.java_client.android.AndroidDriver&#10;Command: [null, newSession {capabilities=[Capabilities {appium:app: C:\Users\ANNU\eclipse-fresh..., appium:automationName: UIAutomator2, appium:chromedriverExecutable: C:\Users\ANNU\Downloads\dri..., appium:deviceName: emulator-5554, appium:noReset: false, platformName: ANDROID}]}]&#10;Capabilities {appium:app: C:\Users\ANNU\eclipse-fresh..., appium:automationName: UIAutomator2, appium:chromedriverExecutable: C:\Users\ANNU\Downloads\dri..., appium:deviceName: emulator-5554, appium:noReset: false, platformName: ANDROID}" type="org.openqa.selenium.SessionNotCreatedException"><![CDATA[org.openqa.selenium.SessionNotCreatedException: 
Could not start a new session. Response code 500. Message: An unknown server-side error occurred while processing the command. Original error: Could not find a connected Android device in 20000ms 
Host info: host: 'DAKSHIT-HP', ip: '10.184.126.237'
Build info: version: '4.35.0', revision: '1c58e5028b'
System info: os.name: 'Windows 11', os.arch: 'amd64', os.version: '10.0', java.version: '23.0.1'
Driver info: io.appium.java_client.android.AndroidDriver
Command: [null, newSession {capabilities=[Capabilities {appium:app: C:\Users\ANNU\eclipse-fresh..., appium:automationName: UIAutomator2, appium:chromedriverExecutable: C:\Users\ANNU\Downloads\dri..., appium:deviceName: emulator-5554, appium:noReset: false, platformName: ANDROID}]}]
Capabilities {appium:app: C:\Users\ANNU\eclipse-fresh..., appium:automationName: UIAutomator2, appium:chromedriverExecutable: C:\Users\ANNU\Downloads\dri..., appium:deviceName: emulator-5554, appium:noReset: false, platformName: ANDROID}
	at org.openqa.selenium.remote.ProtocolHandshake.createSession(ProtocolHandshake.java:114)
	at org.openqa.selenium.remote.ProtocolHandshake.createSession(ProtocolHandshake.java:75)
	at org.openqa.selenium.remote.ProtocolHandshake.createSession(ProtocolHandshake.java:61)
	at io.appium.java_client.remote.AppiumCommandExecutor.createSession(AppiumCommandExecutor.java:178)
	at io.appium.java_client.remote.AppiumCommandExecutor.execute(AppiumCommandExecutor.java:243)
	at org.openqa.selenium.remote.RemoteWebDriver.execute(RemoteWebDriver.java:557)
	at io.appium.java_client.AppiumDriver.startSession(AppiumDriver.java:308)
	at org.openqa.selenium.remote.RemoteWebDriver.<init>(RemoteWebDriver.java:174)
	at io.appium.java_client.AppiumDriver.<init>(AppiumDriver.java:98)
	at io.appium.java_client.AppiumDriver.<init>(AppiumDriver.java:109)
	at io.appium.java_client.android.AndroidDriver.<init>(AndroidDriver.java:108)
	at TestUtils.AndroidBaseTest.configureAppium(AndroidBaseTest.java:63)
	at java.base/jdk.internal.reflect.DirectMethodHandleAccessor.invoke(DirectMethodHandleAccessor.java:103)
	at java.base/java.lang.reflect.Method.invoke(Method.java:580)
	at org.testng.internal.invokers.MethodInvocationHelper.invokeMethod(MethodInvocationHelper.java:141)
	at org.testng.internal.invokers.MethodInvocationHelper.invokeMethodConsideringTimeout(MethodInvocationHelper.java:71)
	at org.testng.internal.invokers.ConfigInvoker.invokeConfigurationMethod(ConfigInvoker.java:400)
	at org.testng.internal.invokers.ConfigInvoker.invokeConfigurations(ConfigInvoker.java:333)
	at org.testng.internal.invokers.TestMethodWorker.invokeBeforeClassMethods(TestMethodWorker.java:188)
	at org.testng.internal.invokers.TestMethodWorker.run(TestMethodWorker.java:128)
	at java.base/java.util.ArrayList.forEach(ArrayList.java:1597)
	at org.testng.TestRunner.privateRun(TestRunner.java:741)
	at org.testng.TestRunner.run(TestRunner.java:616)
	at org.testng.SuiteRunner.runTest(SuiteRunner.java:421)
	at org.testng.SuiteRunner.runSequentially(SuiteRunner.java:413)
	at org.testng.SuiteRunner.privateRun(SuiteRunner.java:373)
	at org.testng.SuiteRunner.run(SuiteRunner.java:312)
	at org.testng.SuiteRunnerWorker.runSuite(SuiteRunnerWorker.java:52)
	at org.testng.SuiteRunnerWorker.run(SuiteRunnerWorker.java:95)
	at org.testng.TestNG.runSuitesSequentially(TestNG.java:1274)
	at org.testng.TestNG.runSuitesLocally(TestNG.java:1208)
	at org.testng.TestNG.runSuites(TestNG.java:1112)
	at org.testng.TestNG.run(TestNG.java:1079)
	at org.apache.maven.surefire.testng.TestNGExecutor.run(TestNGExecutor.java:308)
	at org.apache.maven.surefire.testng.TestNGXmlTestSuite.execute(TestNGXmlTestSuite.java:71)
	at org.apache.maven.surefire.testng.TestNGProvider.invoke(TestNGProvider.java:113)
	at org.apache.maven.surefire.booter.ForkedBooter.runSuitesInProcess(ForkedBooter.java:385)
	at org.apache.maven.surefire.booter.ForkedBooter.execute(ForkedBooter.java:162)
	at org.apache.maven.surefire.booter.ForkedBooter.run(ForkedBooter.java:507)
	at org.apache.maven.surefire.booter.ForkedBooter.main(ForkedBooter.java:495)
]]></failure>
    <system-out><![CDATA[dbug Appium Parsed manifest file at C:\Users\ANNU\.appium\node_modules\.cache\appium\extensions.yaml: {
dbug Appium   "drivers": {
dbug Appium     "uiautomator2": {
dbug Appium       "pkgName": "appium-uiautomator2-driver",
dbug Appium       "version": "4.1.0",
dbug Appium       "installType": "npm",
dbug Appium       "installSpec": "uiautomator2@4.1.0",
dbug Appium       "installPath": "C:\\Users\\ANNU\\.appium\\node_modules\\appium-uiautomator2-driver",
dbug Appium       "appiumVersion": "^2.4.1 || ^3.0.0-beta.0",
dbug Appium       "automationName": "UiAutomator2",
dbug Appium       "platformNames": [
dbug Appium         "Android"
dbug Appium       ],
dbug Appium       "mainClass": "AndroidUiautomator2Driver",
dbug Appium       "scripts": {
dbug Appium         "reset": "scripts/reset.js"
dbug Appium       },
dbug Appium       "doctor": {
dbug Appium         "checks": [
dbug Appium           "./build/lib/doctor/required-checks.js",
dbug Appium           "./build/lib/doctor/optional-checks.js"
dbug Appium         ]
dbug Appium       }
dbug Appium     }
dbug Appium   },
dbug Appium   "plugins": {},
dbug Appium   "schemaRev": 4
dbug Appium }
info Appium Welcome to Appium v2.5.3
info Appium Non-default server args:
info Appium { address: &amp#27;[32m'127.0.0.1'&amp#27;[39m }
dbug Appium The autodetected Appium home path: C:\Users\ANNU\.appium
info Appium Attempting to load driver uiautomator2...
dbug Appium Requiring driver at C:\Users\ANNU\.appium\node_modules\appium-uiautomator2-driver\build\index.js
dbug Appium AndroidUiautomator2Driver has been successfully loaded in 1.683s
info Appium Appium REST http interface listener started on http://127.0.0.1:4723
info Appium Available drivers:
info Appium   - uiautomator2@4.1.0 (automationName 'UiAutomator2')
info Appium No plugins have been installed. Use the "appium plugin" command to install the one(s) you want to use.
&amp#27;[38;5;0m[HTTP]&amp#27;[0m &amp#27;[37m-->&amp#27;[39m &amp#27;[37mGET&amp#27;[39m &amp#27;[37m/status&amp#27;[39m &amp#27;[90m{}&amp#27;[39m
&amp#27;[38;5;16m[AppiumDriver@9c48]&amp#27;[0m Calling AppiumDriver.getStatus() with args: []
&amp#27;[38;5;16m[AppiumDriver@9c48]&amp#27;[0m Responding to client with driver.getStatus() result: {"ready":true,"message":"The server is ready to accept new connections","build":{"version":"2.5.3"}}
&amp#27;[38;5;0m[HTTP]&amp#27;[0m &amp#27;[37m<-- GET /status &amp#27;[39m&amp#27;[32m200&amp#27;[39m &amp#27;[90m14 ms - 110&amp#27;[39m &amp#27;[90m&amp#27;[39m
&amp#27;[38;5;0m[HTTP]&amp#27;[0m Request idempotency key: 96cc67da-91ef-470e-a844-6db774333290
&amp#27;[38;5;0m[HTTP]&amp#27;[0m &amp#27;[37m-->&amp#27;[39m &amp#27;[37mPOST&amp#27;[39m &amp#27;[37m/session&amp#27;[39m &amp#27;[90m{"capabilities":{"firstMatch":[{"appium:noReset":false,"appium:chromedriverExecutable":"C:\\Users\\ANNU\\Downloads\\driver\\chromedriver.exe","appium:deviceName":"emulator-5554","platformName":"ANDROID","appium:automationName":"UIAutomator2","appium:app":"C:\\Users\\ANNU\\eclipse-fresh-workspace\\GernalStore\\src\\test\\java\\Apk_app\\General-Store.apk"}]}}&amp#27;[39m
&amp#27;[38;5;16m[AppiumDriver@9c48]&amp#27;[0m Calling AppiumDriver.createSession() with args: [null,null,{"firstMatch":[{"appium:noReset":false,"appium:chromedriverExecutable":"C:\\Users\\ANNU\\Downloads\\driver\\chromedriver.exe","appium:deviceName":"emulator-5554","platformName":"ANDROID","appium:automationName":"UIAutomator2","appium:app":"C:\\Users\\ANNU\\eclipse-fresh-workspace\\GernalStore\\src\\test\\java\\Apk_app\\General-Store.apk"}]}]
&amp#27;[38;5;16m[AppiumDriver@9c48]&amp#27;[0m Event 'newSessionRequested' logged at 1756174081385 (07:38:01 GMT+0530 (India Standard Time))
info Appium Attempting to find matching driver for automationName 'UIAutomator2' and platformName 'ANDROID'
info Appium The 'uiautomator2' driver was installed and matched caps.
info Appium Will require it at C:\Users\ANNU\.appium\node_modules\appium-uiautomator2-driver
dbug Appium Requiring driver at C:\Users\ANNU\.appium\node_modules\appium-uiautomator2-driver\build\index.js
&amp#27;[38;5;16m[AppiumDriver@9c48]&amp#27;[0m Appium v2.5.3 creating new AndroidUiautomator2Driver (v4.1.0) session
&amp#27;[38;5;16m[AppiumDriver@9c48]&amp#27;[0m Checking BaseDriver versions for Appium and AndroidUiautomator2Driver
&amp#27;[38;5;16m[AppiumDriver@9c48]&amp#27;[0m Appium's BaseDriver version is 9.18.0
&amp#27;[38;5;16m[AppiumDriver@9c48]&amp#27;[0m AndroidUiautomator2Driver's BaseDriver version is 9.18.0
&amp#27;[38;5;32m[AndroidUiautomator2Driver@a0c8]&amp#27;[0m 
&amp#27;[38;5;32m[AndroidUiautomator2Driver@a0c8]&amp#27;[0m Creating session with W3C capabilities: {
  "alwaysMatch": {
    "platformName": "ANDROID",
    "appium:noReset": false,
    "appium:chromedriverExecutable": "C:\\Users\\ANNU\\Downloads\\driver\\chromedriver.exe",
    "appium:deviceName": "emulator-5554",
    "appium:automationName": "UIAutomator2",
    "appium:app": "C:\\Users\\ANNU\\eclipse-fresh-workspace\\GernalStore\\src\\test\\java\\Apk_app\\General-Store.apk"
  },
  "firstMatch": [
    {}
  ]
}
&amp#27;[38;5;32m[AndroidUiautomator2Driver@a0c8]&amp#27;[0m Session created with session id: 32039839-4196-45cb-b52a-bb8be560fb29
&amp#27;[38;5;48m[ADB]&amp#27;[0m Found 2 'build-tools' folders under 'C:\Users\ANNU\AppData\Local\Android\Sdk' (newest first):
&amp#27;[38;5;48m[ADB]&amp#27;[0m     C:\Users\ANNU\AppData\Local\Android\Sdk\build-tools\36.0.0
&amp#27;[38;5;48m[ADB]&amp#27;[0m     C:\Users\ANNU\AppData\Local\Android\Sdk\build-tools\35.0.0
&amp#27;[38;5;48m[ADB]&amp#27;[0m Using 'adb.exe' from 'C:\Users\ANNU\AppData\Local\Android\Sdk\platform-tools\adb.exe'
&amp#27;[38;5;48m[ADB]&amp#27;[0m Running 'C:\Users\ANNU\AppData\Local\Android\Sdk\platform-tools\adb.exe -P 5037 start-server'
&amp#27;[38;5;32m[AndroidUiautomator2Driver@a0c8]&amp#27;[0m Retrieving device list
&amp#27;[38;5;48m[ADB]&amp#27;[0m Trying to find connected Android devices
&amp#27;[38;5;48m[ADB]&amp#27;[0m Getting connected devices
&amp#27;[38;5;48m[ADB]&amp#27;[0m No connected devices have been detected
&amp#27;[38;5;48m[ADB]&amp#27;[0m Could not find online devices
&amp#27;[38;5;48m[ADB]&amp#27;[0m Reconnecting adb (target offline)
&amp#27;[38;5;48m[ADB]&amp#27;[0m Running 'C:\Users\ANNU\AppData\Local\Android\Sdk\platform-tools\adb.exe -P 5037 reconnect offline'
&amp#27;[38;5;48m[ADB]&amp#27;[0m Getting connected devices
&amp#27;[38;5;48m[ADB]&amp#27;[0m No connected devices have been detected
&amp#27;[38;5;48m[ADB]&amp#27;[0m Could not find online devices
&amp#27;[38;5;48m[ADB]&amp#27;[0m Reconnecting adb (target offline)
&amp#27;[38;5;48m[ADB]&amp#27;[0m Running 'C:\Users\ANNU\AppData\Local\Android\Sdk\platform-tools\adb.exe -P 5037 reconnect offline'
&amp#27;[38;5;48m[ADB]&amp#27;[0m Getting connected devices
&amp#27;[38;5;48m[ADB]&amp#27;[0m No connected devices have been detected
&amp#27;[38;5;48m[ADB]&amp#27;[0m Could not find online devices
&amp#27;[38;5;48m[ADB]&amp#27;[0m Reconnecting adb (target offline)
&amp#27;[38;5;48m[ADB]&amp#27;[0m Running 'C:\Users\ANNU\AppData\Local\Android\Sdk\platform-tools\adb.exe -P 5037 reconnect offline'
&amp#27;[38;5;48m[ADB]&amp#27;[0m Getting connected devices
&amp#27;[38;5;48m[ADB]&amp#27;[0m No connected devices have been detected
&amp#27;[38;5;48m[ADB]&amp#27;[0m Could not find online devices
&amp#27;[38;5;48m[ADB]&amp#27;[0m Reconnecting adb (target offline)
&amp#27;[38;5;48m[ADB]&amp#27;[0m Running 'C:\Users\ANNU\AppData\Local\Android\Sdk\platform-tools\adb.exe -P 5037 reconnect offline'
&amp#27;[38;5;48m[ADB]&amp#27;[0m Getting connected devices
&amp#27;[38;5;48m[ADB]&amp#27;[0m No connected devices have been detected
&amp#27;[38;5;48m[ADB]&amp#27;[0m Could not find online devices
&amp#27;[38;5;48m[ADB]&amp#27;[0m Reconnecting adb (target offline)
&amp#27;[38;5;48m[ADB]&amp#27;[0m Running 'C:\Users\ANNU\AppData\Local\Android\Sdk\platform-tools\adb.exe -P 5037 reconnect offline'
&amp#27;[38;5;48m[ADB]&amp#27;[0m Getting connected devices
&amp#27;[38;5;48m[ADB]&amp#27;[0m No connected devices have been detected
&amp#27;[38;5;48m[ADB]&amp#27;[0m Could not find online devices
&amp#27;[38;5;48m[ADB]&amp#27;[0m Reconnecting adb (target offline)
&amp#27;[38;5;48m[ADB]&amp#27;[0m Running 'C:\Users\ANNU\AppData\Local\Android\Sdk\platform-tools\adb.exe -P 5037 reconnect offline'
&amp#27;[38;5;48m[ADB]&amp#27;[0m Getting connected devices
&amp#27;[38;5;48m[ADB]&amp#27;[0m No connected devices have been detected
&amp#27;[38;5;48m[ADB]&amp#27;[0m Could not find online devices
&amp#27;[38;5;48m[ADB]&amp#27;[0m Reconnecting adb (target offline)
&amp#27;[38;5;48m[ADB]&amp#27;[0m Running 'C:\Users\ANNU\AppData\Local\Android\Sdk\platform-tools\adb.exe -P 5037 reconnect offline'
&amp#27;[38;5;48m[ADB]&amp#27;[0m Getting connected devices
&amp#27;[38;5;48m[ADB]&amp#27;[0m No connected devices have been detected
&amp#27;[38;5;48m[ADB]&amp#27;[0m Could not find online devices
&amp#27;[38;5;48m[ADB]&amp#27;[0m Reconnecting adb (target offline)
&amp#27;[38;5;48m[ADB]&amp#27;[0m Running 'C:\Users\ANNU\AppData\Local\Android\Sdk\platform-tools\adb.exe -P 5037 reconnect offline'
&amp#27;[38;5;48m[ADB]&amp#27;[0m Getting connected devices
&amp#27;[38;5;48m[ADB]&amp#27;[0m No connected devices have been detected
&amp#27;[38;5;48m[ADB]&amp#27;[0m Could not find online devices
&amp#27;[38;5;48m[ADB]&amp#27;[0m Reconnecting adb (target offline)
&amp#27;[38;5;48m[ADB]&amp#27;[0m Running 'C:\Users\ANNU\AppData\Local\Android\Sdk\platform-tools\adb.exe -P 5037 reconnect offline'
&amp#27;[38;5;48m[ADB]&amp#27;[0m Getting connected devices
&amp#27;[38;5;48m[ADB]&amp#27;[0m No connected devices have been detected
&amp#27;[38;5;48m[ADB]&amp#27;[0m Could not find online devices
&amp#27;[38;5;48m[ADB]&amp#27;[0m Reconnecting adb (target offline)
&amp#27;[38;5;48m[ADB]&amp#27;[0m Running 'C:\Users\ANNU\AppData\Local\Android\Sdk\platform-tools\adb.exe -P 5037 reconnect offline'
&amp#27;[38;5;48m[ADB]&amp#27;[0m Getting connected devices
&amp#27;[38;5;48m[ADB]&amp#27;[0m No connected devices have been detected
&amp#27;[38;5;48m[ADB]&amp#27;[0m Could not find online devices
&amp#27;[38;5;48m[ADB]&amp#27;[0m Reconnecting adb (target offline)
&amp#27;[38;5;48m[ADB]&amp#27;[0m Running 'C:\Users\ANNU\AppData\Local\Android\Sdk\platform-tools\adb.exe -P 5037 reconnect offline'
&amp#27;[38;5;48m[ADB]&amp#27;[0m Getting connected devices
&amp#27;[38;5;48m[ADB]&amp#27;[0m No connected devices have been detected
&amp#27;[38;5;48m[ADB]&amp#27;[0m Could not find online devices
&amp#27;[38;5;48m[ADB]&amp#27;[0m Reconnecting adb (target offline)
&amp#27;[38;5;48m[ADB]&amp#27;[0m Running 'C:\Users\ANNU\AppData\Local\Android\Sdk\platform-tools\adb.exe -P 5037 reconnect offline'
&amp#27;[38;5;48m[ADB]&amp#27;[0m Getting connected devices
&amp#27;[38;5;48m[ADB]&amp#27;[0m No connected devices have been detected
&amp#27;[38;5;48m[ADB]&amp#27;[0m Could not find online devices
&amp#27;[38;5;48m[ADB]&amp#27;[0m Reconnecting adb (target offline)
&amp#27;[38;5;48m[ADB]&amp#27;[0m Running 'C:\Users\ANNU\AppData\Local\Android\Sdk\platform-tools\adb.exe -P 5037 reconnect offline'
&amp#27;[38;5;48m[ADB]&amp#27;[0m Getting connected devices
&amp#27;[38;5;48m[ADB]&amp#27;[0m No connected devices have been detected
&amp#27;[38;5;48m[ADB]&amp#27;[0m Could not find online devices
&amp#27;[38;5;48m[ADB]&amp#27;[0m Reconnecting adb (target offline)
&amp#27;[38;5;48m[ADB]&amp#27;[0m Running 'C:\Users\ANNU\AppData\Local\Android\Sdk\platform-tools\adb.exe -P 5037 reconnect offline'
&amp#27;[38;5;48m[ADB]&amp#27;[0m Getting connected devices
&amp#27;[38;5;48m[ADB]&amp#27;[0m No connected devices have been detected
&amp#27;[38;5;48m[ADB]&amp#27;[0m Could not find online devices
&amp#27;[38;5;48m[ADB]&amp#27;[0m Reconnecting adb (target offline)
&amp#27;[38;5;48m[ADB]&amp#27;[0m Running 'C:\Users\ANNU\AppData\Local\Android\Sdk\platform-tools\adb.exe -P 5037 reconnect offline'
&amp#27;[38;5;48m[ADB]&amp#27;[0m Getting connected devices
&amp#27;[38;5;48m[ADB]&amp#27;[0m No connected devices have been detected
&amp#27;[38;5;48m[ADB]&amp#27;[0m Could not find online devices
&amp#27;[38;5;48m[ADB]&amp#27;[0m Reconnecting adb (target offline)
&amp#27;[38;5;48m[ADB]&amp#27;[0m Running 'C:\Users\ANNU\AppData\Local\Android\Sdk\platform-tools\adb.exe -P 5037 reconnect offline'
&amp#27;[38;5;48m[ADB]&amp#27;[0m Getting connected devices
&amp#27;[38;5;48m[ADB]&amp#27;[0m No connected devices have been detected
&amp#27;[38;5;48m[ADB]&amp#27;[0m Could not find online devices
&amp#27;[38;5;48m[ADB]&amp#27;[0m Reconnecting adb (target offline)
&amp#27;[38;5;48m[ADB]&amp#27;[0m Running 'C:\Users\ANNU\AppData\Local\Android\Sdk\platform-tools\adb.exe -P 5037 reconnect offline'
&amp#27;[38;5;48m[ADB]&amp#27;[0m Getting connected devices
&amp#27;[38;5;48m[ADB]&amp#27;[0m No connected devices have been detected
&amp#27;[38;5;48m[ADB]&amp#27;[0m Could not find online devices
&amp#27;[38;5;48m[ADB]&amp#27;[0m Reconnecting adb (target offline)
&amp#27;[38;5;48m[ADB]&amp#27;[0m Running 'C:\Users\ANNU\AppData\Local\Android\Sdk\platform-tools\adb.exe -P 5037 reconnect offline'
&amp#27;[38;5;48m[ADB]&amp#27;[0m Getting connected devices
&amp#27;[38;5;48m[ADB]&amp#27;[0m No connected devices have been detected
&amp#27;[38;5;48m[ADB]&amp#27;[0m Could not find online devices
&amp#27;[38;5;48m[ADB]&amp#27;[0m Reconnecting adb (target offline)
&amp#27;[38;5;48m[ADB]&amp#27;[0m Running 'C:\Users\ANNU\AppData\Local\Android\Sdk\platform-tools\adb.exe -P 5037 reconnect offline'
&amp#27;[38;5;48m[ADB]&amp#27;[0m Getting connected devices
&amp#27;[38;5;48m[ADB]&amp#27;[0m No connected devices have been detected
&amp#27;[38;5;48m[ADB]&amp#27;[0m Could not find online devices
&amp#27;[38;5;48m[ADB]&amp#27;[0m Reconnecting adb (target offline)
&amp#27;[38;5;48m[ADB]&amp#27;[0m Running 'C:\Users\ANNU\AppData\Local\Android\Sdk\platform-tools\adb.exe -P 5037 reconnect offline'
&amp#27;[38;5;48m[ADB]&amp#27;[0m Getting connected devices
&amp#27;[38;5;48m[ADB]&amp#27;[0m No connected devices have been detected
&amp#27;[38;5;48m[ADB]&amp#27;[0m Could not find online devices
&amp#27;[38;5;48m[ADB]&amp#27;[0m Reconnecting adb (target offline)
&amp#27;[38;5;48m[ADB]&amp#27;[0m Running 'C:\Users\ANNU\AppData\Local\Android\Sdk\platform-tools\adb.exe -P 5037 reconnect offline'
&amp#27;[38;5;48m[ADB]&amp#27;[0m Getting connected devices
&amp#27;[38;5;48m[ADB]&amp#27;[0m No connected devices have been detected
&amp#27;[38;5;48m[ADB]&amp#27;[0m Could not find online devices
&amp#27;[38;5;48m[ADB]&amp#27;[0m Reconnecting adb (target offline)
&amp#27;[38;5;48m[ADB]&amp#27;[0m Running 'C:\Users\ANNU\AppData\Local\Android\Sdk\platform-tools\adb.exe -P 5037 reconnect offline'
&amp#27;[38;5;48m[ADB]&amp#27;[0m Getting connected devices
&amp#27;[38;5;48m[ADB]&amp#27;[0m No connected devices have been detected
&amp#27;[38;5;48m[ADB]&amp#27;[0m Could not find online devices
&amp#27;[38;5;48m[ADB]&amp#27;[0m Reconnecting adb (target offline)
&amp#27;[38;5;48m[ADB]&amp#27;[0m Running 'C:\Users\ANNU\AppData\Local\Android\Sdk\platform-tools\adb.exe -P 5037 reconnect offline'
&amp#27;[38;5;48m[ADB]&amp#27;[0m Getting connected devices
&amp#27;[38;5;48m[ADB]&amp#27;[0m No connected devices have been detected
&amp#27;[38;5;48m[ADB]&amp#27;[0m Could not find online devices
&amp#27;[38;5;48m[ADB]&amp#27;[0m Reconnecting adb (target offline)
&amp#27;[38;5;48m[ADB]&amp#27;[0m Running 'C:\Users\ANNU\AppData\Local\Android\Sdk\platform-tools\adb.exe -P 5037 reconnect offline'
&amp#27;[38;5;48m[ADB]&amp#27;[0m Getting connected devices
&amp#27;[38;5;48m[ADB]&amp#27;[0m No connected devices have been detected
&amp#27;[38;5;48m[ADB]&amp#27;[0m Could not find online devices
&amp#27;[38;5;48m[ADB]&amp#27;[0m Reconnecting adb (target offline)
&amp#27;[38;5;48m[ADB]&amp#27;[0m Running 'C:\Users\ANNU\AppData\Local\Android\Sdk\platform-tools\adb.exe -P 5037 reconnect offline'
&amp#27;[38;5;48m[ADB]&amp#27;[0m Getting connected devices
&amp#27;[38;5;48m[ADB]&amp#27;[0m No connected devices have been detected
&amp#27;[38;5;48m[ADB]&amp#27;[0m Could not find online devices
&amp#27;[38;5;48m[ADB]&amp#27;[0m Reconnecting adb (target offline)
&amp#27;[38;5;48m[ADB]&amp#27;[0m Running 'C:\Users\ANNU\AppData\Local\Android\Sdk\platform-tools\adb.exe -P 5037 reconnect offline'
&amp#27;[38;5;48m[ADB]&amp#27;[0m Getting connected devices
&amp#27;[38;5;48m[ADB]&amp#27;[0m No connected devices have been detected
&amp#27;[38;5;48m[ADB]&amp#27;[0m Could not find online devices
&amp#27;[38;5;48m[ADB]&amp#27;[0m Reconnecting adb (target offline)
&amp#27;[38;5;48m[ADB]&amp#27;[0m Running 'C:\Users\ANNU\AppData\Local\Android\Sdk\platform-tools\adb.exe -P 5037 reconnect offline'
&amp#27;[38;5;48m[ADB]&amp#27;[0m Getting connected devices
&amp#27;[38;5;48m[ADB]&amp#27;[0m No connected devices have been detected
&amp#27;[38;5;48m[ADB]&amp#27;[0m Could not find online devices
&amp#27;[38;5;48m[ADB]&amp#27;[0m Reconnecting adb (target offline)
&amp#27;[38;5;48m[ADB]&amp#27;[0m Running 'C:\Users\ANNU\AppData\Local\Android\Sdk\platform-tools\adb.exe -P 5037 reconnect offline'
&amp#27;[38;5;48m[ADB]&amp#27;[0m Getting connected devices
&amp#27;[38;5;48m[ADB]&amp#27;[0m No connected devices have been detected
&amp#27;[38;5;48m[ADB]&amp#27;[0m Could not find online devices
&amp#27;[38;5;48m[ADB]&amp#27;[0m Reconnecting adb (target offline)
&amp#27;[38;5;48m[ADB]&amp#27;[0m Running 'C:\Users\ANNU\AppData\Local\Android\Sdk\platform-tools\adb.exe -P 5037 reconnect offline'
&amp#27;[38;5;48m[ADB]&amp#27;[0m Getting connected devices
&amp#27;[38;5;48m[ADB]&amp#27;[0m No connected devices have been detected
&amp#27;[38;5;48m[ADB]&amp#27;[0m Could not find online devices
&amp#27;[38;5;48m[ADB]&amp#27;[0m Reconnecting adb (target offline)
&amp#27;[38;5;48m[ADB]&amp#27;[0m Running 'C:\Users\ANNU\AppData\Local\Android\Sdk\platform-tools\adb.exe -P 5037 reconnect offline'
&amp#27;[38;5;48m[ADB]&amp#27;[0m Getting connected devices
&amp#27;[38;5;48m[ADB]&amp#27;[0m No connected devices have been detected
&amp#27;[38;5;48m[ADB]&amp#27;[0m Could not find online devices
&amp#27;[38;5;48m[ADB]&amp#27;[0m Reconnecting adb (target offline)
&amp#27;[38;5;48m[ADB]&amp#27;[0m Running 'C:\Users\ANNU\AppData\Local\Android\Sdk\platform-tools\adb.exe -P 5037 reconnect offline'
&amp#27;[38;5;48m[ADB]&amp#27;[0m Getting connected devices
&amp#27;[38;5;48m[ADB]&amp#27;[0m No connected devices have been detected
&amp#27;[38;5;48m[ADB]&amp#27;[0m Could not find online devices
&amp#27;[38;5;48m[ADB]&amp#27;[0m Reconnecting adb (target offline)
&amp#27;[38;5;48m[ADB]&amp#27;[0m Running 'C:\Users\ANNU\AppData\Local\Android\Sdk\platform-tools\adb.exe -P 5037 reconnect offline'
&amp#27;[38;5;48m[ADB]&amp#27;[0m Getting connected devices
&amp#27;[38;5;48m[ADB]&amp#27;[0m No connected devices have been detected
&amp#27;[38;5;48m[ADB]&amp#27;[0m Could not find online devices
&amp#27;[38;5;48m[ADB]&amp#27;[0m Reconnecting adb (target offline)
&amp#27;[38;5;48m[ADB]&amp#27;[0m Running 'C:\Users\ANNU\AppData\Local\Android\Sdk\platform-tools\adb.exe -P 5037 reconnect offline'
&amp#27;[38;5;48m[ADB]&amp#27;[0m Getting connected devices
&amp#27;[38;5;48m[ADB]&amp#27;[0m No connected devices have been detected
&amp#27;[38;5;48m[ADB]&amp#27;[0m Could not find online devices
&amp#27;[38;5;48m[ADB]&amp#27;[0m Reconnecting adb (target offline)
&amp#27;[38;5;48m[ADB]&amp#27;[0m Running 'C:\Users\ANNU\AppData\Local\Android\Sdk\platform-tools\adb.exe -P 5037 reconnect offline'
&amp#27;[38;5;48m[ADB]&amp#27;[0m Getting connected devices
&amp#27;[38;5;48m[ADB]&amp#27;[0m No connected devices have been detected
&amp#27;[38;5;48m[ADB]&amp#27;[0m Could not find online devices
&amp#27;[38;5;48m[ADB]&amp#27;[0m Reconnecting adb (target offline)
&amp#27;[38;5;48m[ADB]&amp#27;[0m Running 'C:\Users\ANNU\AppData\Local\Android\Sdk\platform-tools\adb.exe -P 5037 reconnect offline'
&amp#27;[38;5;48m[ADB]&amp#27;[0m Getting connected devices
&amp#27;[38;5;48m[ADB]&amp#27;[0m No connected devices have been detected
&amp#27;[38;5;48m[ADB]&amp#27;[0m Could not find online devices
&amp#27;[38;5;48m[ADB]&amp#27;[0m Reconnecting adb (target offline)
&amp#27;[38;5;48m[ADB]&amp#27;[0m Running 'C:\Users\ANNU\AppData\Local\Android\Sdk\platform-tools\adb.exe -P 5037 reconnect offline'
&amp#27;[38;5;48m[ADB]&amp#27;[0m Getting connected devices
&amp#27;[38;5;48m[ADB]&amp#27;[0m No connected devices have been detected
&amp#27;[38;5;48m[ADB]&amp#27;[0m Could not find online devices
&amp#27;[38;5;48m[ADB]&amp#27;[0m Reconnecting adb (target offline)
&amp#27;[38;5;48m[ADB]&amp#27;[0m Running 'C:\Users\ANNU\AppData\Local\Android\Sdk\platform-tools\adb.exe -P 5037 reconnect offline'
&amp#27;[38;5;48m[ADB]&amp#27;[0m Getting connected devices
&amp#27;[38;5;48m[ADB]&amp#27;[0m No connected devices have been detected
&amp#27;[38;5;48m[ADB]&amp#27;[0m Could not find online devices
&amp#27;[38;5;48m[ADB]&amp#27;[0m Reconnecting adb (target offline)
&amp#27;[38;5;48m[ADB]&amp#27;[0m Running 'C:\Users\ANNU\AppData\Local\Android\Sdk\platform-tools\adb.exe -P 5037 reconnect offline'
&amp#27;[38;5;48m[ADB]&amp#27;[0m Getting connected devices
&amp#27;[38;5;48m[ADB]&amp#27;[0m No connected devices have been detected
&amp#27;[38;5;48m[ADB]&amp#27;[0m Could not find online devices
&amp#27;[38;5;48m[ADB]&amp#27;[0m Reconnecting adb (target offline)
&amp#27;[38;5;48m[ADB]&amp#27;[0m Running 'C:\Users\ANNU\AppData\Local\Android\Sdk\platform-tools\adb.exe -P 5037 reconnect offline'
&amp#27;[38;5;48m[ADB]&amp#27;[0m Getting connected devices
&amp#27;[38;5;48m[ADB]&amp#27;[0m No connected devices have been detected
&amp#27;[38;5;48m[ADB]&amp#27;[0m Could not find online devices
&amp#27;[38;5;48m[ADB]&amp#27;[0m Reconnecting adb (target offline)
&amp#27;[38;5;48m[ADB]&amp#27;[0m Running 'C:\Users\ANNU\AppData\Local\Android\Sdk\platform-tools\adb.exe -P 5037 reconnect offline'
&amp#27;[38;5;48m[ADB]&amp#27;[0m Getting connected devices
&amp#27;[38;5;48m[ADB]&amp#27;[0m No connected devices have been detected
&amp#27;[38;5;48m[ADB]&amp#27;[0m Could not find online devices
&amp#27;[38;5;48m[ADB]&amp#27;[0m Reconnecting adb (target offline)
&amp#27;[38;5;48m[ADB]&amp#27;[0m Running 'C:\Users\ANNU\AppData\Local\Android\Sdk\platform-tools\adb.exe -P 5037 reconnect offline'
&amp#27;[38;5;48m[ADB]&amp#27;[0m Getting connected devices
&amp#27;[38;5;48m[ADB]&amp#27;[0m No connected devices have been detected
&amp#27;[38;5;48m[ADB]&amp#27;[0m Could not find online devices
&amp#27;[38;5;48m[ADB]&amp#27;[0m Reconnecting adb (target offline)
&amp#27;[38;5;48m[ADB]&amp#27;[0m Running 'C:\Users\ANNU\AppData\Local\Android\Sdk\platform-tools\adb.exe -P 5037 reconnect offline'
&amp#27;[38;5;48m[ADB]&amp#27;[0m Getting connected devices
&amp#27;[38;5;48m[ADB]&amp#27;[0m No connected devices have been detected
&amp#27;[38;5;48m[ADB]&amp#27;[0m Could not find online devices
&amp#27;[38;5;48m[ADB]&amp#27;[0m Reconnecting adb (target offline)
&amp#27;[38;5;48m[ADB]&amp#27;[0m Running 'C:\Users\ANNU\AppData\Local\Android\Sdk\platform-tools\adb.exe -P 5037 reconnect offline'
&amp#27;[38;5;48m[ADB]&amp#27;[0m Getting connected devices
&amp#27;[38;5;48m[ADB]&amp#27;[0m No connected devices have been detected
&amp#27;[38;5;48m[ADB]&amp#27;[0m Could not find online devices
&amp#27;[38;5;48m[ADB]&amp#27;[0m Reconnecting adb (target offline)
&amp#27;[38;5;48m[ADB]&amp#27;[0m Running 'C:\Users\ANNU\AppData\Local\Android\Sdk\platform-tools\adb.exe -P 5037 reconnect offline'
&amp#27;[38;5;48m[ADB]&amp#27;[0m Getting connected devices
&amp#27;[38;5;48m[ADB]&amp#27;[0m No connected devices have been detected
&amp#27;[38;5;48m[ADB]&amp#27;[0m Could not find online devices
&amp#27;[38;5;48m[ADB]&amp#27;[0m Reconnecting adb (target offline)
&amp#27;[38;5;48m[ADB]&amp#27;[0m Running 'C:\Users\ANNU\AppData\Local\Android\Sdk\platform-tools\adb.exe -P 5037 reconnect offline'
&amp#27;[38;5;48m[ADB]&amp#27;[0m Getting connected devices
&amp#27;[38;5;48m[ADB]&amp#27;[0m No connected devices have been detected
&amp#27;[38;5;48m[ADB]&amp#27;[0m Could not find online devices
&amp#27;[38;5;48m[ADB]&amp#27;[0m Reconnecting adb (target offline)
&amp#27;[38;5;48m[ADB]&amp#27;[0m Running 'C:\Users\ANNU\AppData\Local\Android\Sdk\platform-tools\adb.exe -P 5037 reconnect offline'
&amp#27;[38;5;48m[ADB]&amp#27;[0m Getting connected devices
&amp#27;[38;5;48m[ADB]&amp#27;[0m No connected devices have been detected
&amp#27;[38;5;48m[ADB]&amp#27;[0m Could not find online devices
&amp#27;[38;5;48m[ADB]&amp#27;[0m Reconnecting adb (target offline)
&amp#27;[38;5;48m[ADB]&amp#27;[0m Running 'C:\Users\ANNU\AppData\Local\Android\Sdk\platform-tools\adb.exe -P 5037 reconnect offline'
&amp#27;[38;5;48m[ADB]&amp#27;[0m Getting connected devices
&amp#27;[38;5;48m[ADB]&amp#27;[0m No connected devices have been detected
&amp#27;[38;5;48m[ADB]&amp#27;[0m Could not find online devices
&amp#27;[38;5;48m[ADB]&amp#27;[0m Reconnecting adb (target offline)
&amp#27;[38;5;48m[ADB]&amp#27;[0m Running 'C:\Users\ANNU\AppData\Local\Android\Sdk\platform-tools\adb.exe -P 5037 reconnect offline'
&amp#27;[38;5;48m[ADB]&amp#27;[0m Getting connected devices
&amp#27;[38;5;48m[ADB]&amp#27;[0m No connected devices have been detected
&amp#27;[38;5;48m[ADB]&amp#27;[0m Could not find online devices
&amp#27;[38;5;48m[ADB]&amp#27;[0m Reconnecting adb (target offline)
&amp#27;[38;5;48m[ADB]&amp#27;[0m Running 'C:\Users\ANNU\AppData\Local\Android\Sdk\platform-tools\adb.exe -P 5037 reconnect offline'
&amp#27;[38;5;48m[ADB]&amp#27;[0m Getting connected devices
&amp#27;[38;5;48m[ADB]&amp#27;[0m No connected devices have been detected
&amp#27;[38;5;48m[ADB]&amp#27;[0m Could not find online devices
&amp#27;[38;5;48m[ADB]&amp#27;[0m Reconnecting adb (target offline)
&amp#27;[38;5;48m[ADB]&amp#27;[0m Running 'C:\Users\ANNU\AppData\Local\Android\Sdk\platform-tools\adb.exe -P 5037 reconnect offline'
&amp#27;[38;5;48m[ADB]&amp#27;[0m Getting connected devices
&amp#27;[38;5;48m[ADB]&amp#27;[0m No connected devices have been detected
&amp#27;[38;5;48m[ADB]&amp#27;[0m Could not find online devices
&amp#27;[38;5;48m[ADB]&amp#27;[0m Reconnecting adb (target offline)
&amp#27;[38;5;48m[ADB]&amp#27;[0m Running 'C:\Users\ANNU\AppData\Local\Android\Sdk\platform-tools\adb.exe -P 5037 reconnect offline'
&amp#27;[38;5;48m[ADB]&amp#27;[0m Getting connected devices
&amp#27;[38;5;48m[ADB]&amp#27;[0m No connected devices have been detected
&amp#27;[38;5;48m[ADB]&amp#27;[0m Could not find online devices
&amp#27;[38;5;48m[ADB]&amp#27;[0m Reconnecting adb (target offline)
&amp#27;[38;5;48m[ADB]&amp#27;[0m Running 'C:\Users\ANNU\AppData\Local\Android\Sdk\platform-tools\adb.exe -P 5037 reconnect offline'
&amp#27;[38;5;48m[ADB]&amp#27;[0m Getting connected devices
&amp#27;[38;5;48m[ADB]&amp#27;[0m No connected devices have been detected
&amp#27;[38;5;48m[ADB]&amp#27;[0m Could not find online devices
&amp#27;[38;5;48m[ADB]&amp#27;[0m Reconnecting adb (target offline)
&amp#27;[38;5;48m[ADB]&amp#27;[0m Running 'C:\Users\ANNU\AppData\Local\Android\Sdk\platform-tools\adb.exe -P 5037 reconnect offline'
&amp#27;[38;5;48m[ADB]&amp#27;[0m Getting connected devices
&amp#27;[38;5;48m[ADB]&amp#27;[0m No connected devices have been detected
&amp#27;[38;5;48m[ADB]&amp#27;[0m Could not find online devices
&amp#27;[38;5;48m[ADB]&amp#27;[0m Reconnecting adb (target offline)
&amp#27;[38;5;48m[ADB]&amp#27;[0m Running 'C:\Users\ANNU\AppData\Local\Android\Sdk\platform-tools\adb.exe -P 5037 reconnect offline'
&amp#27;[38;5;48m[ADB]&amp#27;[0m Getting connected devices
&amp#27;[38;5;48m[ADB]&amp#27;[0m No connected devices have been detected
&amp#27;[38;5;48m[ADB]&amp#27;[0m Could not find online devices
&amp#27;[38;5;48m[ADB]&amp#27;[0m Reconnecting adb (target offline)
&amp#27;[38;5;48m[ADB]&amp#27;[0m Running 'C:\Users\ANNU\AppData\Local\Android\Sdk\platform-tools\adb.exe -P 5037 reconnect offline'
&amp#27;[38;5;48m[ADB]&amp#27;[0m Getting connected devices
&amp#27;[38;5;48m[ADB]&amp#27;[0m No connected devices have been detected
&amp#27;[38;5;48m[ADB]&amp#27;[0m Could not find online devices
&amp#27;[38;5;48m[ADB]&amp#27;[0m Reconnecting adb (target offline)
&amp#27;[38;5;48m[ADB]&amp#27;[0m Running 'C:\Users\ANNU\AppData\Local\Android\Sdk\platform-tools\adb.exe -P 5037 reconnect offline'
&amp#27;[38;5;48m[ADB]&amp#27;[0m Getting connected devices
&amp#27;[38;5;48m[ADB]&amp#27;[0m No connected devices have been detected
&amp#27;[38;5;48m[ADB]&amp#27;[0m Could not find online devices
&amp#27;[38;5;48m[ADB]&amp#27;[0m Reconnecting adb (target offline)
&amp#27;[38;5;48m[ADB]&amp#27;[0m Running 'C:\Users\ANNU\AppData\Local\Android\Sdk\platform-tools\adb.exe -P 5037 reconnect offline'
&amp#27;[38;5;48m[ADB]&amp#27;[0m Getting connected devices
&amp#27;[38;5;48m[ADB]&amp#27;[0m No connected devices have been detected
&amp#27;[38;5;48m[ADB]&amp#27;[0m Could not find online devices
&amp#27;[38;5;48m[ADB]&amp#27;[0m Reconnecting adb (target offline)
&amp#27;[38;5;48m[ADB]&amp#27;[0m Running 'C:\Users\ANNU\AppData\Local\Android\Sdk\platform-tools\adb.exe -P 5037 reconnect offline'
&amp#27;[38;5;48m[ADB]&amp#27;[0m Getting connected devices
&amp#27;[38;5;48m[ADB]&amp#27;[0m No connected devices have been detected
&amp#27;[38;5;48m[ADB]&amp#27;[0m Could not find online devices
&amp#27;[38;5;48m[ADB]&amp#27;[0m Reconnecting adb (target offline)
&amp#27;[38;5;48m[ADB]&amp#27;[0m Running 'C:\Users\ANNU\AppData\Local\Android\Sdk\platform-tools\adb.exe -P 5037 reconnect offline'
&amp#27;[38;5;48m[ADB]&amp#27;[0m Getting connected devices
&amp#27;[38;5;48m[ADB]&amp#27;[0m No connected devices have been detected
&amp#27;[38;5;48m[ADB]&amp#27;[0m Could not find online devices
&amp#27;[38;5;48m[ADB]&amp#27;[0m Reconnecting adb (target offline)
&amp#27;[38;5;48m[ADB]&amp#27;[0m Running 'C:\Users\ANNU\AppData\Local\Android\Sdk\platform-tools\adb.exe -P 5037 reconnect offline'
&amp#27;[38;5;48m[ADB]&amp#27;[0m Getting connected devices
&amp#27;[38;5;48m[ADB]&amp#27;[0m No connected devices have been detected
&amp#27;[38;5;48m[ADB]&amp#27;[0m Could not find online devices
&amp#27;[38;5;48m[ADB]&amp#27;[0m Reconnecting adb (target offline)
&amp#27;[38;5;48m[ADB]&amp#27;[0m Running 'C:\Users\ANNU\AppData\Local\Android\Sdk\platform-tools\adb.exe -P 5037 reconnect offline'
&amp#27;[38;5;48m[ADB]&amp#27;[0m Getting connected devices
&amp#27;[38;5;48m[ADB]&amp#27;[0m No connected devices have been detected
&amp#27;[38;5;48m[ADB]&amp#27;[0m Could not find online devices
&amp#27;[38;5;48m[ADB]&amp#27;[0m Reconnecting adb (target offline)
&amp#27;[38;5;48m[ADB]&amp#27;[0m Running 'C:\Users\ANNU\AppData\Local\Android\Sdk\platform-tools\adb.exe -P 5037 reconnect offline'
&amp#27;[38;5;48m[ADB]&amp#27;[0m Getting connected devices
&amp#27;[38;5;48m[ADB]&amp#27;[0m No connected devices have been detected
&amp#27;[38;5;48m[ADB]&amp#27;[0m Could not find online devices
&amp#27;[38;5;48m[ADB]&amp#27;[0m Reconnecting adb (target offline)
&amp#27;[38;5;48m[ADB]&amp#27;[0m Running 'C:\Users\ANNU\AppData\Local\Android\Sdk\platform-tools\adb.exe -P 5037 reconnect offline'
&amp#27;[38;5;48m[ADB]&amp#27;[0m Getting connected devices
&amp#27;[38;5;48m[ADB]&amp#27;[0m No connected devices have been detected
&amp#27;[38;5;48m[ADB]&amp#27;[0m Could not find online devices
&amp#27;[38;5;48m[ADB]&amp#27;[0m Reconnecting adb (target offline)
&amp#27;[38;5;48m[ADB]&amp#27;[0m Running 'C:\Users\ANNU\AppData\Local\Android\Sdk\platform-tools\adb.exe -P 5037 reconnect offline'
&amp#27;[38;5;48m[ADB]&amp#27;[0m Getting connected devices
&amp#27;[38;5;48m[ADB]&amp#27;[0m No connected devices have been detected
&amp#27;[38;5;48m[ADB]&amp#27;[0m Could not find online devices
&amp#27;[38;5;48m[ADB]&amp#27;[0m Reconnecting adb (target offline)
&amp#27;[38;5;48m[ADB]&amp#27;[0m Running 'C:\Users\ANNU\AppData\Local\Android\Sdk\platform-tools\adb.exe -P 5037 reconnect offline'
&amp#27;[38;5;48m[ADB]&amp#27;[0m Getting connected devices
&amp#27;[38;5;48m[ADB]&amp#27;[0m No connected devices have been detected
&amp#27;[38;5;48m[ADB]&amp#27;[0m Could not find online devices
&amp#27;[38;5;48m[ADB]&amp#27;[0m Reconnecting adb (target offline)
&amp#27;[38;5;48m[ADB]&amp#27;[0m Running 'C:\Users\ANNU\AppData\Local\Android\Sdk\platform-tools\adb.exe -P 5037 reconnect offline'
&amp#27;[38;5;48m[ADB]&amp#27;[0m Getting connected devices
&amp#27;[38;5;48m[ADB]&amp#27;[0m No connected devices have been detected
&amp#27;[38;5;48m[ADB]&amp#27;[0m Could not find online devices
&amp#27;[38;5;48m[ADB]&amp#27;[0m Reconnecting adb (target offline)
&amp#27;[38;5;48m[ADB]&amp#27;[0m Running 'C:\Users\ANNU\AppData\Local\Android\Sdk\platform-tools\adb.exe -P 5037 reconnect offline'
&amp#27;[38;5;48m[ADB]&amp#27;[0m Getting connected devices
&amp#27;[38;5;48m[ADB]&amp#27;[0m No connected devices have been detected
&amp#27;[38;5;48m[ADB]&amp#27;[0m Could not find online devices
&amp#27;[38;5;48m[ADB]&amp#27;[0m Reconnecting adb (target offline)
&amp#27;[38;5;48m[ADB]&amp#27;[0m Running 'C:\Users\ANNU\AppData\Local\Android\Sdk\platform-tools\adb.exe -P 5037 reconnect offline'
&amp#27;[38;5;48m[ADB]&amp#27;[0m Getting connected devices
&amp#27;[38;5;48m[ADB]&amp#27;[0m No connected devices have been detected
&amp#27;[38;5;48m[ADB]&amp#27;[0m Could not find online devices
&amp#27;[38;5;48m[ADB]&amp#27;[0m Reconnecting adb (target offline)
&amp#27;[38;5;48m[ADB]&amp#27;[0m Running 'C:\Users\ANNU\AppData\Local\Android\Sdk\platform-tools\adb.exe -P 5037 reconnect offline'
&amp#27;[38;5;48m[ADB]&amp#27;[0m Getting connected devices
&amp#27;[38;5;48m[ADB]&amp#27;[0m No connected devices have been detected
&amp#27;[38;5;48m[ADB]&amp#27;[0m Could not find online devices
&amp#27;[38;5;48m[ADB]&amp#27;[0m Reconnecting adb (target offline)
&amp#27;[38;5;48m[ADB]&amp#27;[0m Running 'C:\Users\ANNU\AppData\Local\Android\Sdk\platform-tools\adb.exe -P 5037 reconnect offline'
&amp#27;[38;5;48m[ADB]&amp#27;[0m Getting connected devices
&amp#27;[38;5;48m[ADB]&amp#27;[0m No connected devices have been detected
&amp#27;[38;5;48m[ADB]&amp#27;[0m Could not find online devices
&amp#27;[38;5;48m[ADB]&amp#27;[0m Reconnecting adb (target offline)
&amp#27;[38;5;48m[ADB]&amp#27;[0m Running 'C:\Users\ANNU\AppData\Local\Android\Sdk\platform-tools\adb.exe -P 5037 reconnect offline'
&amp#27;[38;5;48m[ADB]&amp#27;[0m Getting connected devices
&amp#27;[38;5;48m[ADB]&amp#27;[0m No connected devices have been detected
&amp#27;[38;5;48m[ADB]&amp#27;[0m Could not find online devices
&amp#27;[38;5;48m[ADB]&amp#27;[0m Reconnecting adb (target offline)
&amp#27;[38;5;48m[ADB]&amp#27;[0m Running 'C:\Users\ANNU\AppData\Local\Android\Sdk\platform-tools\adb.exe -P 5037 reconnect offline'
&amp#27;[38;5;48m[ADB]&amp#27;[0m Getting connected devices
&amp#27;[38;5;48m[ADB]&amp#27;[0m No connected devices have been detected
&amp#27;[38;5;48m[ADB]&amp#27;[0m Could not find online devices
&amp#27;[38;5;48m[ADB]&amp#27;[0m Reconnecting adb (target offline)
&amp#27;[38;5;48m[ADB]&amp#27;[0m Running 'C:\Users\ANNU\AppData\Local\Android\Sdk\platform-tools\adb.exe -P 5037 reconnect offline'
&amp#27;[38;5;48m[ADB]&amp#27;[0m Getting connected devices
&amp#27;[38;5;48m[ADB]&amp#27;[0m No connected devices have been detected
&amp#27;[38;5;48m[ADB]&amp#27;[0m Could not find online devices
&amp#27;[38;5;48m[ADB]&amp#27;[0m Reconnecting adb (target offline)
&amp#27;[38;5;48m[ADB]&amp#27;[0m Running 'C:\Users\ANNU\AppData\Local\Android\Sdk\platform-tools\adb.exe -P 5037 reconnect offline'
&amp#27;[38;5;48m[ADB]&amp#27;[0m Getting connected devices
&amp#27;[38;5;48m[ADB]&amp#27;[0m No connected devices have been detected
&amp#27;[38;5;48m[ADB]&amp#27;[0m Could not find online devices
&amp#27;[38;5;48m[ADB]&amp#27;[0m Reconnecting adb (target offline)
&amp#27;[38;5;48m[ADB]&amp#27;[0m Running 'C:\Users\ANNU\AppData\Local\Android\Sdk\platform-tools\adb.exe -P 5037 reconnect offline'
&amp#27;[38;5;32m[AndroidUiautomator2Driver@a0c8]&amp#27;[0m Deleting UiAutomator2 session
&amp#27;[38;5;16m[AppiumDriver@9c48]&amp#27;[0m Event 'newSessionStarted' logged at 1756174103637 (07:38:23 GMT+0530 (India Standard Time))
&amp#27;[38;5;16m[AppiumDriver@9c48]&amp#27;[0m Encountered internal error running command: Error: Could not find a connected Android device in 20000ms
&amp#27;[38;5;16m[AppiumDriver@9c48]&amp#27;[0m     at ADB.getDevicesWithRetry (C:\Users\ANNU\.appium\node_modules\appium-uiautomator2-driver\node_modules\appium-adb\lib\tools\system-calls.js:296:13)
&amp#27;[38;5;16m[AppiumDriver@9c48]&amp#27;[0m     at AndroidUiautomator2Driver.getDeviceInfoFromCaps (C:\Users\ANNU\.appium\node_modules\appium-uiautomator2-driver\node_modules\appium-android-driver\lib\commands\device\common.js:41:21)
&amp#27;[38;5;16m[AppiumDriver@9c48]&amp#27;[0m     at AndroidUiautomator2Driver.createSession (C:\Users\ANNU\.appium\node_modules\appium-uiautomator2-driver\lib\driver.ts:358:30)
&amp#27;[38;5;16m[AppiumDriver@9c48]&amp#27;[0m     at AppiumDriver.createSession (C:\Users\ANNU\AppData\Roaming\npm\node_modules\appium\lib\appium.js:717:35)
&amp#27;[38;5;0m[HTTP]&amp#27;[0m &amp#27;[37m<-- POST /session &amp#27;[39m&amp#27;[31m500&amp#27;[39m &amp#27;[90m22322 ms - 668&amp#27;[39m &amp#27;[90m&amp#27;[39m
]]></system-out>
    <system-err><![CDATA[SLF4J(W): No SLF4J providers were found.
SLF4J(W): Defaulting to no-operation (NOP) logger implementation
SLF4J(W): See https://www.slf4j.org/codes.html#noProviders for further details.
]]></system-err>
  </testcase>
  <testcase name="preSetUp" classname="Store.eCommerce_Android" time="28.335">
    <failure message="The provided search context cannot be null" type="java.lang.NullPointerException"><![CDATA[java.lang.NullPointerException: The provided search context cannot be null
	at com.google.common.base.Preconditions.checkNotNull(Preconditions.java:920)
	at io.appium.java_client.pagefactory.AppiumFieldDecorator.requireWebDriverReference(AppiumFieldDecorator.java:129)
	at io.appium.java_client.pagefactory.AppiumFieldDecorator.<init>(AppiumFieldDecorator.java:86)
	at io.appium.java_client.pagefactory.AppiumFieldDecorator.<init>(AppiumFieldDecorator.java:100)
	at annu.PageObjects.android.FormPage.<init>(FormPage.java:27)
	at TestUtils.AndroidBaseTest.preSetUp(AndroidBaseTest.java:85)
	at java.base/jdk.internal.reflect.DirectMethodHandleAccessor.invoke(DirectMethodHandleAccessor.java:103)
	at java.base/java.lang.reflect.Method.invoke(Method.java:580)
	at org.testng.internal.invokers.MethodInvocationHelper.invokeMethod(MethodInvocationHelper.java:141)
	at org.testng.internal.invokers.MethodInvocationHelper.invokeMethodConsideringTimeout(MethodInvocationHelper.java:71)
	at org.testng.internal.invokers.ConfigInvoker.invokeConfigurationMethod(ConfigInvoker.java:400)
	at org.testng.internal.invokers.ConfigInvoker.invokeConfigurations(ConfigInvoker.java:333)
	at org.testng.internal.invokers.TestInvoker.runConfigMethods(TestInvoker.java:836)
	at org.testng.internal.invokers.TestInvoker.invokeMethod(TestInvoker.java:601)
	at org.testng.internal.invokers.TestInvoker.invokeTestMethod(TestInvoker.java:230)
	at org.testng.internal.invokers.MethodRunner.runInSequence(MethodRunner.java:63)
	at org.testng.internal.invokers.TestInvoker$MethodInvocationAgent.invoke(TestInvoker.java:995)
	at org.testng.internal.invokers.TestInvoker.invokeTestMethods(TestInvoker.java:203)
	at org.testng.internal.invokers.TestMethodWorker.invokeTestMethods(TestMethodWorker.java:154)
	at org.testng.internal.invokers.TestMethodWorker.run(TestMethodWorker.java:134)
	at java.base/java.util.ArrayList.forEach(ArrayList.java:1597)
	at org.testng.TestRunner.privateRun(TestRunner.java:741)
	at org.testng.TestRunner.run(TestRunner.java:616)
	at org.testng.SuiteRunner.runTest(SuiteRunner.java:421)
	at org.testng.SuiteRunner.runSequentially(SuiteRunner.java:413)
	at org.testng.SuiteRunner.privateRun(SuiteRunner.java:373)
	at org.testng.SuiteRunner.run(SuiteRunner.java:312)
	at org.testng.SuiteRunnerWorker.runSuite(SuiteRunnerWorker.java:52)
	at org.testng.SuiteRunnerWorker.run(SuiteRunnerWorker.java:95)
	at org.testng.TestNG.runSuitesSequentially(TestNG.java:1274)
	at org.testng.TestNG.runSuitesLocally(TestNG.java:1208)
	at org.testng.TestNG.runSuites(TestNG.java:1112)
	at org.testng.TestNG.run(TestNG.java:1079)
	at org.apache.maven.surefire.testng.TestNGExecutor.run(TestNGExecutor.java:308)
	at org.apache.maven.surefire.testng.TestNGXmlTestSuite.execute(TestNGXmlTestSuite.java:71)
	at org.apache.maven.surefire.testng.TestNGProvider.invoke(TestNGProvider.java:113)
	at org.apache.maven.surefire.booter.ForkedBooter.runSuitesInProcess(ForkedBooter.java:385)
	at org.apache.maven.surefire.booter.ForkedBooter.execute(ForkedBooter.java:162)
	at org.apache.maven.surefire.booter.ForkedBooter.run(ForkedBooter.java:507)
	at org.apache.maven.surefire.booter.ForkedBooter.main(ForkedBooter.java:495)
]]></failure>
  </testcase>
  <testcase name="eCommerce_AndroidTest[{gender=female, name=annu, country=Aruba}](1)" classname="Store.eCommerce_Android" time="0.0">
    <skipped message="The provided search context cannot be null"/>
  </testcase>
</testsuite>